android/app/build/intermediates/manifest_merge_blame_file/debug/manifest-merger-blame-debug-report.txt
1<?xml version="1.0" encoding="utf-8"?>
2<manifest xmlns:android="http://schemas.android.com/apk/res/android"
3    package="com.rifatudo"
4    android:versionCode="1"
5    android:versionName="1.0" >
6
7    <uses-sdk
8        android:minSdkVersion="21"
9        android:targetSdkVersion="28" />
10
11    <uses-permission android:name="android.permission.SYSTEM_ALERT_WINDOW" />
11-->src/debug/AndroidManifest.xml:5:5-77
11-->src/debug/AndroidManifest.xml:5:22-75
12    <uses-permission android:name="android.permission.INTERNET" />
12-->src/main/AndroidManifest.xml:4:5-67
12-->src/main/AndroidManifest.xml:4:22-64
13    <uses-permission android:name="android.permission.ACCESS_WIFI_STATE" />
13-->[com.facebook.flipper:flipper:0.54.0] AndroidManifest.xml:16:5-76
13-->[com.facebook.flipper:flipper:0.54.0] AndroidManifest.xml:16:22-73
14    <uses-permission android:name="android.permission.WAKE_LOCK" />
14-->[:react-native-firebase_auth] AndroidManifest.xml:12:5-68
14-->[:react-native-firebase_auth] AndroidManifest.xml:12:22-65
15    <uses-permission android:name="android.permission.ACCESS_NETWORK_STATE" />
15-->[:react-native-firebase_auth] AndroidManifest.xml:13:5-79
15-->[:react-native-firebase_auth] AndroidManifest.xml:13:22-76
16    <uses-permission android:name="android.permission.CAMERA" />
16-->[:react-native-camera] AndroidManifest.xml:9:5-65
16-->[:react-native-camera] AndroidManifest.xml:9:22-62
17
18    <uses-feature
18-->[:react-native-camera] AndroidManifest.xml:11:5-13:36
19        android:name="android.hardware.camera"
19-->[:react-native-camera] AndroidManifest.xml:12:9-47
20        android:required="false" />
20-->[:react-native-camera] AndroidManifest.xml:13:9-33
21    <uses-feature
21-->[:react-native-camera] AndroidManifest.xml:14:5-16:36
22        android:name="android.hardware.camera.autofocus"
22-->[:react-native-camera] AndroidManifest.xml:15:9-57
23        android:required="false" />
23-->[:react-native-camera] AndroidManifest.xml:16:9-33
24
25    <application
25-->src/main/AndroidManifest.xml:6:5-25:19
26        android:name="com.rifatudo.MainApplication"
26-->src/main/AndroidManifest.xml:7:7-38
27        android:allowBackup="false"
27-->src/main/AndroidManifest.xml:11:7-34
28        android:appComponentFactory="androidx.core.app.CoreComponentFactory"
28-->[androidx.core:core:1.3.1] AndroidManifest.xml:24:18-86
29        android:debuggable="true"
30        android:icon="@mipmap/ic_launcher"
30-->src/main/AndroidManifest.xml:9:7-41
31        android:label="@string/app_name"
31-->src/main/AndroidManifest.xml:8:7-39
32        android:roundIcon="@mipmap/ic_launcher_round"
32-->src/main/AndroidManifest.xml:10:7-52
33        android:testOnly="true"
34        android:theme="@style/AppTheme"
34-->src/main/AndroidManifest.xml:12:7-38
35        android:usesCleartextTraffic="true" >
35-->src/debug/AndroidManifest.xml:7:18-53
36        <activity
36-->src/main/AndroidManifest.xml:13:7-23:18
37            android:name="com.rifatudo.MainActivity"
37-->src/main/AndroidManifest.xml:14:9-37
38            android:configChanges="keyboard|keyboardHidden|orientation|screenSize|uiMode"
38-->src/main/AndroidManifest.xml:16:9-86
39            android:label="@string/app_name"
39-->src/main/AndroidManifest.xml:15:9-41
40            android:launchMode="singleTask"
40-->src/main/AndroidManifest.xml:17:9-40
41            android:windowSoftInputMode="adjustResize" >
41-->src/main/AndroidManifest.xml:18:9-51
42            <intent-filter>
42-->src/main/AndroidManifest.xml:19:9-22:25
43                <action android:name="android.intent.action.MAIN" />
43-->src/main/AndroidManifest.xml:20:13-65
43-->src/main/AndroidManifest.xml:20:21-62
44
45                <category android:name="android.intent.category.LAUNCHER" />
45-->src/main/AndroidManifest.xml:21:13-73
45-->src/main/AndroidManifest.xml:21:23-70
46            </intent-filter>
47        </activity>
48        <activity android:name="com.facebook.react.devsupport.DevSettingsActivity" />
48-->src/main/AndroidManifest.xml:24:7-84
48-->src/main/AndroidManifest.xml:24:17-81
49
50        <provider
50-->[:react-native-image-picker] AndroidManifest.xml:12:9-20:20
51            android:name="com.imagepicker.ImagePickerProvider"
51-->[:react-native-image-picker] AndroidManifest.xml:13:13-63
52            android:authorities="com.rifatudo.imagepickerprovider"
52-->[:react-native-image-picker] AndroidManifest.xml:14:13-71
53            android:exported="false"
53-->[:react-native-image-picker] AndroidManifest.xml:15:13-37
54            android:grantUriPermissions="true" >
54-->[:react-native-image-picker] AndroidManifest.xml:16:13-47
55            <meta-data
55-->[:react-native-image-picker] AndroidManifest.xml:17:13-19:70
56                android:name="android.support.FILE_PROVIDER_PATHS"
56-->[:react-native-image-picker] AndroidManifest.xml:18:17-67
57                android:resource="@xml/imagepicker_provider_paths" />
57-->[:react-native-image-picker] AndroidManifest.xml:19:17-67
58        </provider>
59
60        <service
60-->[com.google.android.gms:play-services-mlkit-barcode-scanning:16.2.0] AndroidManifest.xml:9:9-15:19
61            android:name="com.google.mlkit.common.internal.MlKitComponentDiscoveryService"
61-->[com.google.android.gms:play-services-mlkit-barcode-scanning:16.2.0] AndroidManifest.xml:10:13-91
62            android:directBootAware="true"
62-->[com.google.mlkit:common:17.2.0] AndroidManifest.xml:17:13-43
63            android:exported="false" >
63-->[com.google.android.gms:play-services-mlkit-barcode-scanning:16.2.0] AndroidManifest.xml:11:13-37
64            <meta-data
64-->[com.google.android.gms:play-services-mlkit-barcode-scanning:16.2.0] AndroidManifest.xml:12:13-14:85
65                android:name="com.google.firebase.components:com.google.mlkit.vision.barcode.internal.BarcodeRegistrar"
65-->[com.google.android.gms:play-services-mlkit-barcode-scanning:16.2.0] AndroidManifest.xml:13:17-120
66                android:value="com.google.firebase.components.ComponentRegistrar" />
66-->[com.google.android.gms:play-services-mlkit-barcode-scanning:16.2.0] AndroidManifest.xml:14:17-82
67            <meta-data
67-->[com.google.android.gms:play-services-mlkit-face-detection:16.2.0] AndroidManifest.xml:12:13-14:85
68                android:name="com.google.firebase.components:com.google.mlkit.vision.face.internal.FaceRegistrar"
68-->[com.google.android.gms:play-services-mlkit-face-detection:16.2.0] AndroidManifest.xml:13:17-114
69                android:value="com.google.firebase.components.ComponentRegistrar" />
69-->[com.google.android.gms:play-services-mlkit-face-detection:16.2.0] AndroidManifest.xml:14:17-82
70            <meta-data
70-->[com.google.android.gms:play-services-mlkit-text-recognition:16.3.0] AndroidManifest.xml:12:13-14:85
71                android:name="com.google.firebase.components:com.google.mlkit.vision.text.internal.TextRegistrar"
71-->[com.google.android.gms:play-services-mlkit-text-recognition:16.3.0] AndroidManifest.xml:13:17-114
72                android:value="com.google.firebase.components.ComponentRegistrar" />
72-->[com.google.android.gms:play-services-mlkit-text-recognition:16.3.0] AndroidManifest.xml:14:17-82
73            <meta-data
73-->[com.google.mlkit:vision-common:16.5.0] AndroidManifest.xml:12:13-14:85
74                android:name="com.google.firebase.components:com.google.mlkit.vision.common.internal.VisionCommonRegistrar"
74-->[com.google.mlkit:vision-common:16.5.0] AndroidManifest.xml:13:17-124
75                android:value="com.google.firebase.components.ComponentRegistrar" />
75-->[com.google.mlkit:vision-common:16.5.0] AndroidManifest.xml:14:17-82
76            <meta-data
76-->[com.google.mlkit:common:17.2.0] AndroidManifest.xml:20:13-22:85
77                android:name="com.google.firebase.components:com.google.mlkit.common.internal.CommonComponentRegistrar"
77-->[com.google.mlkit:common:17.2.0] AndroidManifest.xml:21:17-120
78                android:value="com.google.firebase.components.ComponentRegistrar" />
78-->[com.google.mlkit:common:17.2.0] AndroidManifest.xml:22:17-82
79        </service>
80
81        <provider
81-->[com.google.mlkit:common:17.2.0] AndroidManifest.xml:9:9-13:38
82            android:name="com.google.mlkit.common.internal.MlKitInitProvider"
82-->[com.google.mlkit:common:17.2.0] AndroidManifest.xml:10:13-78
83            android:authorities="com.rifatudo.mlkitinitprovider"
83-->[com.google.mlkit:common:17.2.0] AndroidManifest.xml:11:13-69
84            android:exported="false"
84-->[com.google.mlkit:common:17.2.0] AndroidManifest.xml:12:13-37
85            android:initOrder="99" />
85-->[com.google.mlkit:common:17.2.0] AndroidManifest.xml:13:13-35
86
87        <service
87-->[com.google.android.datatransport:transport-backend-cct:2.3.3] AndroidManifest.xml:29:9-35:19
88            android:name="com.google.android.datatransport.runtime.backends.TransportBackendDiscovery"
88-->[com.google.android.datatransport:transport-backend-cct:2.3.3] AndroidManifest.xml:30:13-103
89            android:exported="false" >
89-->[com.google.android.datatransport:transport-backend-cct:2.3.3] AndroidManifest.xml:31:13-37
90            <meta-data
90-->[com.google.android.datatransport:transport-backend-cct:2.3.3] AndroidManifest.xml:32:13-34:39
91                android:name="backend:com.google.android.datatransport.cct.CctBackendFactory"
91-->[com.google.android.datatransport:transport-backend-cct:2.3.3] AndroidManifest.xml:33:17-94
92                android:value="cct" />
92-->[com.google.android.datatransport:transport-backend-cct:2.3.3] AndroidManifest.xml:34:17-36
93        </service>
94        <service
94-->[com.google.android.datatransport:transport-runtime:2.2.6] AndroidManifest.xml:26:9-30:19
95            android:name="com.google.android.datatransport.runtime.scheduling.jobscheduling.JobInfoSchedulerService"
95-->[com.google.android.datatransport:transport-runtime:2.2.6] AndroidManifest.xml:27:13-117
96            android:exported="false"
96-->[com.google.android.datatransport:transport-runtime:2.2.6] AndroidManifest.xml:28:13-37
97            android:permission="android.permission.BIND_JOB_SERVICE" >
97-->[com.google.android.datatransport:transport-runtime:2.2.6] AndroidManifest.xml:29:13-69
98        </service>
99
100        <receiver
100-->[com.google.android.datatransport:transport-runtime:2.2.6] AndroidManifest.xml:32:9-34:40
101            android:name="com.google.android.datatransport.runtime.scheduling.jobscheduling.AlarmManagerSchedulerBroadcastReceiver"
101-->[com.google.android.datatransport:transport-runtime:2.2.6] AndroidManifest.xml:33:13-132
102            android:exported="false" />
102-->[com.google.android.datatransport:transport-runtime:2.2.6] AndroidManifest.xml:34:13-37
103
104        <activity
104-->[com.google.android.gms:play-services-auth:19.0.0] AndroidManifest.xml:23:9-27:75
105            android:name="com.google.android.gms.auth.api.signin.internal.SignInHubActivity"
105-->[com.google.android.gms:play-services-auth:19.0.0] AndroidManifest.xml:24:13-93
106            android:excludeFromRecents="true"
106-->[com.google.android.gms:play-services-auth:19.0.0] AndroidManifest.xml:25:13-46
107            android:exported="false"
107-->[com.google.android.gms:play-services-auth:19.0.0] AndroidManifest.xml:26:13-37
108            android:theme="@android:style/Theme.Translucent.NoTitleBar" />
108-->[com.google.android.gms:play-services-auth:19.0.0] AndroidManifest.xml:27:13-72
109        <!--
110            Service handling Google Sign-In user revocation. For apps that do not integrate with
111            Google Sign-In, this service will never be started.
112        -->
113        <service
113-->[com.google.android.gms:play-services-auth:19.0.0] AndroidManifest.xml:33:9-37:51
114            android:name="com.google.android.gms.auth.api.signin.RevocationBoundService"
114-->[com.google.android.gms:play-services-auth:19.0.0] AndroidManifest.xml:34:13-89
115            android:exported="true"
115-->[com.google.android.gms:play-services-auth:19.0.0] AndroidManifest.xml:35:13-36
116            android:permission="com.google.android.gms.auth.api.signin.permission.REVOCATION_NOTIFICATION"
116-->[com.google.android.gms:play-services-auth:19.0.0] AndroidManifest.xml:36:13-107
117            android:visibleToInstantApps="true" />
117-->[com.google.android.gms:play-services-auth:19.0.0] AndroidManifest.xml:37:13-48
118
119        <activity
119-->[com.google.firebase:firebase-auth:20.0.2] AndroidManifest.xml:27:9-44:20
120            android:name="com.google.firebase.auth.internal.GenericIdpActivity"
120-->[com.google.firebase:firebase-auth:20.0.2] AndroidManifest.xml:28:13-80
121            android:excludeFromRecents="true"
121-->[com.google.firebase:firebase-auth:20.0.2] AndroidManifest.xml:29:13-46
122            android:exported="true"
122-->[com.google.firebase:firebase-auth:20.0.2] AndroidManifest.xml:30:13-36
123            android:launchMode="singleTask"
123-->[com.google.firebase:firebase-auth:20.0.2] AndroidManifest.xml:31:13-44
124            android:theme="@android:style/Theme.Translucent.NoTitleBar" >
124-->[com.google.firebase:firebase-auth:20.0.2] AndroidManifest.xml:32:13-72
125            <intent-filter>
125-->[com.google.firebase:firebase-auth:20.0.2] AndroidManifest.xml:33:13-43:29
126                <action android:name="android.intent.action.VIEW" />
126-->[com.google.firebase:firebase-auth:20.0.2] AndroidManifest.xml:34:17-69
126-->[com.google.firebase:firebase-auth:20.0.2] AndroidManifest.xml:34:25-66
127
128                <category android:name="android.intent.category.DEFAULT" />
128-->[com.google.firebase:firebase-auth:20.0.2] AndroidManifest.xml:36:17-76
128-->[com.google.firebase:firebase-auth:20.0.2] AndroidManifest.xml:36:27-73
129                <category android:name="android.intent.category.BROWSABLE" />
129-->[com.google.firebase:firebase-auth:20.0.2] AndroidManifest.xml:37:17-78
129-->[com.google.firebase:firebase-auth:20.0.2] AndroidManifest.xml:37:27-75
130
131                <data
131-->[com.google.firebase:firebase-auth:20.0.2] AndroidManifest.xml:39:17-42:51
132                    android:host="firebase.auth"
132-->[com.google.firebase:firebase-auth:20.0.2] AndroidManifest.xml:40:21-49
133                    android:path="/"
133-->[com.google.firebase:firebase-auth:20.0.2] AndroidManifest.xml:41:21-37
134                    android:scheme="genericidp" />
134-->[com.google.firebase:firebase-auth:20.0.2] AndroidManifest.xml:42:21-48
135            </intent-filter>
136        </activity>
137        <activity
137-->[com.google.firebase:firebase-auth:20.0.2] AndroidManifest.xml:45:9-62:20
138            android:name="com.google.firebase.auth.internal.RecaptchaActivity"
138-->[com.google.firebase:firebase-auth:20.0.2] AndroidManifest.xml:46:13-79
139            android:excludeFromRecents="true"
139-->[com.google.firebase:firebase-auth:20.0.2] AndroidManifest.xml:47:13-46
140            android:exported="true"
140-->[com.google.firebase:firebase-auth:20.0.2] AndroidManifest.xml:48:13-36
141            android:launchMode="singleTask"
141-->[com.google.firebase:firebase-auth:20.0.2] AndroidManifest.xml:49:13-44
142            android:theme="@android:style/Theme.Translucent.NoTitleBar" >
142-->[com.google.firebase:firebase-auth:20.0.2] AndroidManifest.xml:50:13-72
143            <intent-filter>
143-->[com.google.firebase:firebase-auth:20.0.2] AndroidManifest.xml:51:13-61:29
144                <action android:name="android.intent.action.VIEW" />
144-->[com.google.firebase:firebase-auth:20.0.2] AndroidManifest.xml:34:17-69
144-->[com.google.firebase:firebase-auth:20.0.2] AndroidManifest.xml:34:25-66
145
146                <category android:name="android.intent.category.DEFAULT" />
146-->[com.google.firebase:firebase-auth:20.0.2] AndroidManifest.xml:36:17-76
146-->[com.google.firebase:firebase-auth:20.0.2] AndroidManifest.xml:36:27-73
147                <category android:name="android.intent.category.BROWSABLE" />
147-->[com.google.firebase:firebase-auth:20.0.2] AndroidManifest.xml:37:17-78
147-->[com.google.firebase:firebase-auth:20.0.2] AndroidManifest.xml:37:27-75
148
149                <data
149-->[com.google.firebase:firebase-auth:20.0.2] AndroidManifest.xml:39:17-42:51
150                    android:host="firebase.auth"
150-->[com.google.firebase:firebase-auth:20.0.2] AndroidManifest.xml:40:21-49
151                    android:path="/"
151-->[com.google.firebase:firebase-auth:20.0.2] AndroidManifest.xml:41:21-37
152                    android:scheme="recaptcha" />
152-->[com.google.firebase:firebase-auth:20.0.2] AndroidManifest.xml:42:21-48
153            </intent-filter>
154        </activity>
155
156        <service
156-->[com.google.firebase:firebase-auth:20.0.2] AndroidManifest.xml:64:9-73:19
157            android:name="com.google.firebase.auth.api.fallback.service.FirebaseAuthFallbackService"
157-->[com.google.firebase:firebase-auth:20.0.2] AndroidManifest.xml:65:13-101
158            android:enabled="true"
158-->[com.google.firebase:firebase-auth:20.0.2] AndroidManifest.xml:66:13-35
159            android:exported="false" >
159-->[com.google.firebase:firebase-auth:20.0.2] AndroidManifest.xml:67:13-37
160            <intent-filter>
160-->[com.google.firebase:firebase-auth:20.0.2] AndroidManifest.xml:68:13-72:29
161                <action android:name="com.google.firebase.auth.api.gms.service.START" />
161-->[com.google.firebase:firebase-auth:20.0.2] AndroidManifest.xml:69:17-89
161-->[com.google.firebase:firebase-auth:20.0.2] AndroidManifest.xml:69:25-86
162
163                <category android:name="android.intent.category.DEFAULT" />
163-->[com.google.firebase:firebase-auth:20.0.2] AndroidManifest.xml:36:17-76
163-->[com.google.firebase:firebase-auth:20.0.2] AndroidManifest.xml:36:27-73
164            </intent-filter>
165        </service>
166        <service
166-->[com.google.firebase:firebase-auth:20.0.2] AndroidManifest.xml:74:9-80:19
167            android:name="com.google.firebase.components.ComponentDiscoveryService"
167-->[com.google.firebase:firebase-auth:20.0.2] AndroidManifest.xml:75:13-84
168            android:directBootAware="true"
168-->[com.google.firebase:firebase-common:19.5.0] AndroidManifest.xml:35:13-43
169            android:exported="false" >
169-->[com.google.firebase:firebase-auth:20.0.2] AndroidManifest.xml:76:13-37
170            <meta-data
170-->[com.google.firebase:firebase-auth:20.0.2] AndroidManifest.xml:77:13-79:85
171                android:name="com.google.firebase.components:com.google.firebase.auth.FirebaseAuthRegistrar"
171-->[com.google.firebase:firebase-auth:20.0.2] AndroidManifest.xml:78:17-109
172                android:value="com.google.firebase.components.ComponentRegistrar" />
172-->[com.google.firebase:firebase-auth:20.0.2] AndroidManifest.xml:79:17-82
173            <!--
174                This registrar is not defined in the dynamic-module-support sdk itself to allow non-firebase
175                clients to use it as well, by defining this registrar in their own core/common library.
176            -->
177            <meta-data
177-->[com.google.firebase:firebase-common:19.5.0] AndroidManifest.xml:43:13-45:85
178                android:name="com.google.firebase.components:com.google.firebase.dynamicloading.DynamicLoadingRegistrar"
178-->[com.google.firebase:firebase-common:19.5.0] AndroidManifest.xml:44:17-121
179                android:value="com.google.firebase.components.ComponentRegistrar" />
179-->[com.google.firebase:firebase-common:19.5.0] AndroidManifest.xml:45:17-82
180        </service>
181
182        <activity
182-->[com.google.android.gms:play-services-base:17.6.0] AndroidManifest.xml:23:9-26:75
183            android:name="com.google.android.gms.common.api.GoogleApiActivity"
183-->[com.google.android.gms:play-services-base:17.6.0] AndroidManifest.xml:24:13-79
184            android:exported="false"
184-->[com.google.android.gms:play-services-base:17.6.0] AndroidManifest.xml:25:13-37
185            android:theme="@android:style/Theme.Translucent.NoTitleBar" />
185-->[com.google.android.gms:play-services-base:17.6.0] AndroidManifest.xml:26:13-72
186
187        <provider
187-->[com.google.firebase:firebase-common:19.5.0] AndroidManifest.xml:26:9-31:39
188            android:name="com.google.firebase.provider.FirebaseInitProvider"
188-->[com.google.firebase:firebase-common:19.5.0] AndroidManifest.xml:27:13-77
189            android:authorities="com.rifatudo.firebaseinitprovider"
189-->[com.google.firebase:firebase-common:19.5.0] AndroidManifest.xml:28:13-72
190            android:directBootAware="true"
190-->[com.google.firebase:firebase-common:19.5.0] AndroidManifest.xml:29:13-43
191            android:exported="false"
191-->[com.google.firebase:firebase-common:19.5.0] AndroidManifest.xml:30:13-37
192            android:initOrder="100" />
192-->[com.google.firebase:firebase-common:19.5.0] AndroidManifest.xml:31:13-36
193
194        <meta-data
194-->[com.google.android.gms:play-services-basement:17.6.0] AndroidManifest.xml:23:9-25:69
195            android:name="com.google.android.gms.version"
195-->[com.google.android.gms:play-services-basement:17.6.0] AndroidManifest.xml:24:13-58
196            android:value="@integer/google_play_services_version" />
196-->[com.google.android.gms:play-services-basement:17.6.0] AndroidManifest.xml:25:13-66
197    </application>
198
199</manifest>